[2026-06-28 04:19:56,760: INFO: common: yaml file: config/config.yaml loaded successfully:]
[2026-06-28 04:19:56,764: INFO: common: yaml file: params.yaml loaded successfully:]
[2026-06-28 04:19:56,765: INFO: common: created directory at: artifacts:]
[2026-06-28 04:19:56,767: INFO: common: created directory at: artifacts/data_transformation:]
[2026-06-28 04:19:57,033: INFO: _client: HTTP Request: GET https://huggingface.co/api/agent-harnesses "HTTP/1.1 200 OK":]
[2026-06-28 04:19:57,431: INFO: _client: HTTP Request: HEAD https://huggingface.co/google/pegasus-cnn_dailymail/resolve/main/config.json "HTTP/1.1 307 Temporary Redirect":]
[2026-06-28 04:19:57,441: INFO: _client: HTTP Request: HEAD https://huggingface.co/api/resolve-cache/models/google/pegasus-cnn_dailymail/40d588fdab0cc077b80d950b300bf66ad3c75b92/config.json "HTTP/1.1 200 OK":]
[2026-06-28 04:19:57,454: INFO: _client: HTTP Request: GET https://huggingface.co/api/resolve-cache/models/google/pegasus-cnn_dailymail/40d588fdab0cc077b80d950b300bf66ad3c75b92/config.json "HTTP/1.1 200 OK":]
[2026-06-28 04:19:57,551: INFO: _client: HTTP Request: HEAD https://huggingface.co/google/pegasus-cnn_dailymail/resolve/main/tokenizer_config.json "HTTP/1.1 307 Temporary Redirect":]
[2026-06-28 04:19:57,560: INFO: _client: HTTP Request: HEAD https://huggingface.co/api/resolve-cache/models/google/pegasus-cnn_dailymail/40d588fdab0cc077b80d950b300bf66ad3c75b92/tokenizer_config.json "HTTP/1.1 200 OK":]
[2026-06-28 04:19:57,570: INFO: _client: HTTP Request: GET https://huggingface.co/api/resolve-cache/models/google/pegasus-cnn_dailymail/40d588fdab0cc077b80d950b300bf66ad3c75b92/tokenizer_config.json "HTTP/1.1 200 OK":]
[2026-06-28 04:19:57,659: INFO: _client: HTTP Request: GET https://huggingface.co/api/models/google/pegasus-cnn_dailymail/tree/main/additional_chat_templates?recursive=false&expand=false "HTTP/1.1 404 Not Found":]
[2026-06-28 04:19:57,756: INFO: _client: HTTP Request: GET https://huggingface.co/api/models/google/pegasus-cnn_dailymail/tree/main?recursive=true&expand=false "HTTP/1.1 200 OK":]
[2026-06-28 04:19:57,844: INFO: _client: HTTP Request: HEAD https://huggingface.co/google/pegasus-cnn_dailymail/resolve/main/spiece.model "HTTP/1.1 307 Temporary Redirect":]
[2026-06-28 04:19:57,856: INFO: _client: HTTP Request: HEAD https://huggingface.co/api/resolve-cache/models/google/pegasus-cnn_dailymail/40d588fdab0cc077b80d950b300bf66ad3c75b92/spiece.model "HTTP/1.1 200 OK":]
[2026-06-28 04:19:57,952: INFO: _client: HTTP Request: GET https://huggingface.co/api/resolve-cache/models/google/pegasus-cnn_dailymail/40d588fdab0cc077b80d950b300bf66ad3c75b92/spiece.model "HTTP/1.1 200 OK":]
[2026-06-28 04:19:58,154: INFO: _client: HTTP Request: HEAD https://huggingface.co/google/pegasus-cnn_dailymail/resolve/main/tokenizer.json "HTTP/1.1 404 Not Found":]
[2026-06-28 04:19:58,155: WARNING: _http: Warning: You are sending unauthenticated requests to the HF Hub. Please set a HF_TOKEN to enable higher rate limits and faster downloads.:]
[2026-06-28 04:19:58,282: INFO: _client: HTTP Request: HEAD https://huggingface.co/google/pegasus-cnn_dailymail/resolve/main/added_tokens.json "HTTP/1.1 404 Not Found":]
[2026-06-28 04:19:58,368: INFO: _client: HTTP Request: HEAD https://huggingface.co/google/pegasus-cnn_dailymail/resolve/main/special_tokens_map.json "HTTP/1.1 307 Temporary Redirect":]
[2026-06-28 04:19:58,384: INFO: _client: HTTP Request: HEAD https://huggingface.co/api/resolve-cache/models/google/pegasus-cnn_dailymail/40d588fdab0cc077b80d950b300bf66ad3c75b92/special_tokens_map.json "HTTP/1.1 200 OK":]
[2026-06-28 04:19:58,498: INFO: _client: HTTP Request: GET https://huggingface.co/api/resolve-cache/models/google/pegasus-cnn_dailymail/40d588fdab0cc077b80d950b300bf66ad3c75b92/special_tokens_map.json "HTTP/1.1 200 OK":]
[2026-06-28 04:19:58,598: INFO: _client: HTTP Request: HEAD https://huggingface.co/google/pegasus-cnn_dailymail/resolve/main/chat_template.jinja "HTTP/1.1 404 Not Found":]
[2026-06-28 04:21:27,138: INFO: common: yaml file: config/config.yaml loaded successfully:]
[2026-06-28 04:21:27,140: INFO: common: yaml file: params.yaml loaded successfully:]
[2026-06-28 04:21:27,141: INFO: common: created directory at: artifacts:]
[2026-06-28 04:21:27,143: INFO: common: created directory at: artifacts/data_transformation:]
[2026-06-28 04:21:27,280: INFO: _client: HTTP Request: HEAD https://huggingface.co/google/pegasus-cnn_dailymail/resolve/main/config.json "HTTP/1.1 307 Temporary Redirect":]
[2026-06-28 04:21:27,292: INFO: _client: HTTP Request: HEAD https://huggingface.co/api/resolve-cache/models/google/pegasus-cnn_dailymail/40d588fdab0cc077b80d950b300bf66ad3c75b92/config.json "HTTP/1.1 200 OK":]
[2026-06-28 04:21:27,407: INFO: _client: HTTP Request: HEAD https://huggingface.co/google/pegasus-cnn_dailymail/resolve/main/tokenizer_config.json "HTTP/1.1 307 Temporary Redirect":]
[2026-06-28 04:21:27,416: INFO: _client: HTTP Request: HEAD https://huggingface.co/api/resolve-cache/models/google/pegasus-cnn_dailymail/40d588fdab0cc077b80d950b300bf66ad3c75b92/tokenizer_config.json "HTTP/1.1 200 OK":]
[2026-06-28 04:21:27,507: INFO: _client: HTTP Request: GET https://huggingface.co/api/models/google/pegasus-cnn_dailymail/tree/main/additional_chat_templates?recursive=false&expand=false "HTTP/1.1 404 Not Found":]
[2026-06-28 04:21:27,596: INFO: _client: HTTP Request: GET https://huggingface.co/api/models/google/pegasus-cnn_dailymail/tree/main?recursive=true&expand=false "HTTP/1.1 200 OK":]
[2026-06-28 04:35:41,482: INFO: main: Data Ingestion Stage started:]
[2026-06-28 04:35:41,483: INFO: common: yaml file: config/config.yaml loaded successfully:]
[2026-06-28 04:35:41,483: INFO: common: yaml file: params.yaml loaded successfully:]
[2026-06-28 04:35:41,483: INFO: common: created directory at: artifacts:]
[2026-06-28 04:35:41,484: INFO: common: created directory at: artifacts/data_ingestion:]
[2026-06-28 04:35:42,966: INFO: data_ingestion: File is downloaded:]
[2026-06-28 04:35:43,054: INFO: main: Data Ingestion Stage completed:]
[2026-06-28 04:35:43,054: INFO: main: Data Transformation Stage started:]
[2026-06-28 04:35:43,055: INFO: common: yaml file: config/config.yaml loaded successfully:]
[2026-06-28 04:35:43,055: INFO: common: yaml file: params.yaml loaded successfully:]
[2026-06-28 04:35:43,055: INFO: common: created directory at: artifacts:]
[2026-06-28 04:35:43,055: INFO: common: created directory at: artifacts/data_transformation:]
[2026-06-28 04:35:43,272: INFO: _client: HTTP Request: HEAD https://huggingface.co/google/pegasus-cnn_dailymail/resolve/main/config.json "HTTP/1.1 307 Temporary Redirect":]
[2026-06-28 04:35:43,273: WARNING: _http: Warning: You are sending unauthenticated requests to the HF Hub. Please set a HF_TOKEN to enable higher rate limits and faster downloads.:]
[2026-06-28 04:35:43,281: INFO: _client: HTTP Request: HEAD https://huggingface.co/api/resolve-cache/models/google/pegasus-cnn_dailymail/40d588fdab0cc077b80d950b300bf66ad3c75b92/config.json "HTTP/1.1 200 OK":]
[2026-06-28 04:35:43,376: INFO: _client: HTTP Request: HEAD https://huggingface.co/google/pegasus-cnn_dailymail/resolve/main/tokenizer_config.json "HTTP/1.1 307 Temporary Redirect":]
[2026-06-28 04:35:43,384: INFO: _client: HTTP Request: HEAD https://huggingface.co/api/resolve-cache/models/google/pegasus-cnn_dailymail/40d588fdab0cc077b80d950b300bf66ad3c75b92/tokenizer_config.json "HTTP/1.1 200 OK":]
[2026-06-28 04:35:43,474: INFO: _client: HTTP Request: GET https://huggingface.co/api/models/google/pegasus-cnn_dailymail/tree/main/additional_chat_templates?recursive=false&expand=false "HTTP/1.1 404 Not Found":]
[2026-06-28 04:35:43,562: INFO: _client: HTTP Request: GET https://huggingface.co/api/models/google/pegasus-cnn_dailymail/tree/main?recursive=true&expand=false "HTTP/1.1 200 OK":]
[2026-06-28 04:35:46,635: INFO: main: Data Transformation Stage completed:]
[2026-06-28 13:16:31,606: INFO: common: yaml file: config/config.yaml loaded successfully:]
[2026-06-28 13:16:31,610: INFO: common: yaml file: params.yaml loaded successfully:]
[2026-06-28 13:16:31,610: INFO: common: created directory at: artifacts:]
[2026-06-28 13:16:31,612: INFO: common: created directory at: artifacts/model_trainer:]
[2026-06-28 13:16:31,783: INFO: _client: HTTP Request: HEAD https://huggingface.co/google/pegasus-cnn_dailymail/resolve/main/config.json "HTTP/1.1 307 Temporary Redirect":]
[2026-06-28 13:16:31,794: INFO: _client: HTTP Request: HEAD https://huggingface.co/api/resolve-cache/models/google/pegasus-cnn_dailymail/40d588fdab0cc077b80d950b300bf66ad3c75b92/config.json "HTTP/1.1 200 OK":]
[2026-06-28 13:16:31,889: INFO: _client: HTTP Request: HEAD https://huggingface.co/google/pegasus-cnn_dailymail/resolve/main/tokenizer_config.json "HTTP/1.1 307 Temporary Redirect":]
[2026-06-28 13:16:31,890: WARNING: _http: Warning: You are sending unauthenticated requests to the HF Hub. Please set a HF_TOKEN to enable higher rate limits and faster downloads.:]
[2026-06-28 13:16:31,900: INFO: _client: HTTP Request: HEAD https://huggingface.co/api/resolve-cache/models/google/pegasus-cnn_dailymail/40d588fdab0cc077b80d950b300bf66ad3c75b92/tokenizer_config.json "HTTP/1.1 200 OK":]
[2026-06-28 13:16:31,990: INFO: _client: HTTP Request: GET https://huggingface.co/api/models/google/pegasus-cnn_dailymail/tree/main/additional_chat_templates?recursive=false&expand=false "HTTP/1.1 404 Not Found":]
[2026-06-28 13:16:32,083: INFO: _client: HTTP Request: GET https://huggingface.co/api/models/google/pegasus-cnn_dailymail/tree/main?recursive=true&expand=false "HTTP/1.1 200 OK":]
[2026-06-28 13:16:32,396: INFO: _client: HTTP Request: HEAD https://huggingface.co/google/pegasus-cnn_dailymail/resolve/main/config.json "HTTP/1.1 307 Temporary Redirect":]
[2026-06-28 13:16:32,407: INFO: _client: HTTP Request: HEAD https://huggingface.co/api/resolve-cache/models/google/pegasus-cnn_dailymail/40d588fdab0cc077b80d950b300bf66ad3c75b92/config.json "HTTP/1.1 200 OK":]
[2026-06-28 13:16:32,521: INFO: _client: HTTP Request: HEAD https://huggingface.co/google/pegasus-cnn_dailymail/resolve/main/model.safetensors "HTTP/1.1 404 Not Found":]
[2026-06-28 13:16:32,616: INFO: _client: HTTP Request: HEAD https://huggingface.co/google/pegasus-cnn_dailymail/resolve/main/model.safetensors.index.json "HTTP/1.1 404 Not Found":]
[2026-06-28 13:16:32,716: INFO: _client: HTTP Request: HEAD https://huggingface.co/google/pegasus-cnn_dailymail/resolve/main/pytorch_model.bin "HTTP/1.1 302 Found":]
[2026-06-28 13:18:05,508: INFO: _client: HTTP Request: HEAD https://huggingface.co/google/pegasus-cnn_dailymail/resolve/main/model.safetensors "HTTP/1.1 404 Not Found":]
[2026-06-28 13:18:05,611: INFO: _client: HTTP Request: GET https://huggingface.co/api/models/google/pegasus-cnn_dailymail "HTTP/1.1 200 OK":]
[2026-06-28 13:18:06,220: INFO: _client: HTTP Request: GET https://huggingface.co/api/models/google/pegasus-cnn_dailymail/commits/main "HTTP/1.1 200 OK":]
[2026-06-28 13:18:06,473: INFO: _client: HTTP Request: GET https://huggingface.co/api/models/google/pegasus-cnn_dailymail/discussions?p=0 "HTTP/1.1 200 OK":]
[2026-06-28 13:18:06,835: INFO: _client: HTTP Request: GET https://huggingface.co/api/models/google/pegasus-cnn_dailymail/commits/refs%2Fpr%2F12 "HTTP/1.1 200 OK":]
[2026-06-28 13:18:07,174: INFO: _client: HTTP Request: HEAD https://huggingface.co/google/pegasus-cnn_dailymail/resolve/refs%2Fpr%2F12/model.safetensors.index.json "HTTP/1.1 404 Not Found":]
[2026-06-28 13:18:07,412: INFO: _client: HTTP Request: HEAD https://huggingface.co/google/pegasus-cnn_dailymail/resolve/refs%2Fpr%2F12/model.safetensors "HTTP/1.1 302 Found":]
[2026-06-28 13:18:10,433: INFO: _client: HTTP Request: HEAD https://huggingface.co/google/pegasus-cnn_dailymail/resolve/main/generation_config.json "HTTP/1.1 307 Temporary Redirect":]
[2026-06-28 13:18:10,465: INFO: _client: HTTP Request: HEAD https://huggingface.co/api/resolve-cache/models/google/pegasus-cnn_dailymail/40d588fdab0cc077b80d950b300bf66ad3c75b92/generation_config.json "HTTP/1.1 200 OK":]
[2026-06-28 13:18:10,501: INFO: _client: HTTP Request: GET https://huggingface.co/api/resolve-cache/models/google/pegasus-cnn_dailymail/40d588fdab0cc077b80d950b300bf66ad3c75b92/generation_config.json "HTTP/1.1 200 OK":]
[2026-06-28 13:18:36,579: INFO: common: yaml file: config/config.yaml loaded successfully:]
[2026-06-28 13:18:36,583: INFO: common: yaml file: params.yaml loaded successfully:]
[2026-06-28 13:18:36,584: INFO: common: created directory at: artifacts:]
[2026-06-28 13:18:36,584: INFO: common: created directory at: artifacts/model_trainer:]
[2026-06-28 13:18:39,985: INFO: _client: HTTP Request: HEAD https://huggingface.co/google/pegasus-cnn_dailymail/resolve/main/config.json "HTTP/1.1 307 Temporary Redirect":]
[2026-06-28 13:18:40,365: INFO: _client: HTTP Request: HEAD https://huggingface.co/api/resolve-cache/models/google/pegasus-cnn_dailymail/40d588fdab0cc077b80d950b300bf66ad3c75b92/config.json "HTTP/1.1 200 OK":]
[2026-06-28 13:18:40,715: INFO: _client: HTTP Request: HEAD https://huggingface.co/google/pegasus-cnn_dailymail/resolve/main/tokenizer_config.json "HTTP/1.1 307 Temporary Redirect":]
[2026-06-28 13:18:40,985: INFO: _client: HTTP Request: HEAD https://huggingface.co/api/resolve-cache/models/google/pegasus-cnn_dailymail/40d588fdab0cc077b80d950b300bf66ad3c75b92/tokenizer_config.json "HTTP/1.1 200 OK":]
[2026-06-28 13:18:41,379: INFO: _client: HTTP Request: GET https://huggingface.co/api/models/google/pegasus-cnn_dailymail/tree/main/additional_chat_templates?recursive=false&expand=false "HTTP/1.1 404 Not Found":]
[2026-06-28 13:18:41,736: INFO: _client: HTTP Request: GET https://huggingface.co/api/models/google/pegasus-cnn_dailymail/tree/main?recursive=true&expand=false "HTTP/1.1 200 OK":]
[2026-06-28 13:18:42,114: INFO: _client: HTTP Request: HEAD https://huggingface.co/google/pegasus-cnn_dailymail/resolve/main/config.json "HTTP/1.1 307 Temporary Redirect":]
[2026-06-28 13:18:42,447: INFO: _client: HTTP Request: HEAD https://huggingface.co/api/resolve-cache/models/google/pegasus-cnn_dailymail/40d588fdab0cc077b80d950b300bf66ad3c75b92/config.json "HTTP/1.1 200 OK":]
[2026-06-28 13:18:42,770: INFO: _client: HTTP Request: HEAD https://huggingface.co/google/pegasus-cnn_dailymail/resolve/main/model.safetensors "HTTP/1.1 404 Not Found":]
[2026-06-28 13:18:43,428: INFO: _client: HTTP Request: GET https://huggingface.co/api/models/google/pegasus-cnn_dailymail "HTTP/1.1 200 OK":]
[2026-06-28 13:18:43,988: INFO: _client: HTTP Request: GET https://huggingface.co/api/models/google/pegasus-cnn_dailymail/commits/main "HTTP/1.1 200 OK":]
[2026-06-28 13:18:44,706: INFO: _client: HTTP Request: GET https://huggingface.co/api/models/google/pegasus-cnn_dailymail/discussions?p=0 "HTTP/1.1 200 OK":]
[2026-06-28 13:18:45,032: INFO: _client: HTTP Request: GET https://huggingface.co/api/models/google/pegasus-cnn_dailymail/commits/refs%2Fpr%2F12 "HTTP/1.1 200 OK":]
[2026-06-28 13:18:45,248: INFO: _client: HTTP Request: HEAD https://huggingface.co/google/pegasus-cnn_dailymail/resolve/refs%2Fpr%2F12/model.safetensors.index.json "HTTP/1.1 404 Not Found":]
[2026-06-28 13:18:45,669: INFO: _client: HTTP Request: HEAD https://huggingface.co/google/pegasus-cnn_dailymail/resolve/refs%2Fpr%2F12/model.safetensors "HTTP/1.1 302 Found":]
[2026-06-28 13:18:49,250: INFO: _client: HTTP Request: HEAD https://huggingface.co/google/pegasus-cnn_dailymail/resolve/main/generation_config.json "HTTP/1.1 307 Temporary Redirect":]
[2026-06-28 13:18:49,317: INFO: _client: HTTP Request: HEAD https://huggingface.co/api/resolve-cache/models/google/pegasus-cnn_dailymail/40d588fdab0cc077b80d950b300bf66ad3c75b92/generation_config.json "HTTP/1.1 200 OK":]
[2026-06-28 13:21:57,698: INFO: common: yaml file: config/config.yaml loaded successfully:]
[2026-06-28 13:21:57,705: INFO: common: yaml file: params.yaml loaded successfully:]
[2026-06-28 13:21:57,706: INFO: common: created directory at: artifacts:]
[2026-06-28 13:21:57,707: INFO: common: created directory at: artifacts/model_trainer:]
[2026-06-28 13:21:57,873: INFO: _client: HTTP Request: HEAD https://huggingface.co/google/pegasus-cnn_dailymail/resolve/main/config.json "HTTP/1.1 307 Temporary Redirect":]
[2026-06-28 13:21:57,883: INFO: _client: HTTP Request: HEAD https://huggingface.co/api/resolve-cache/models/google/pegasus-cnn_dailymail/40d588fdab0cc077b80d950b300bf66ad3c75b92/config.json "HTTP/1.1 200 OK":]
[2026-06-28 13:21:57,974: INFO: _client: HTTP Request: HEAD https://huggingface.co/google/pegasus-cnn_dailymail/resolve/main/tokenizer_config.json "HTTP/1.1 307 Temporary Redirect":]
[2026-06-28 13:21:57,985: INFO: _client: HTTP Request: HEAD https://huggingface.co/api/resolve-cache/models/google/pegasus-cnn_dailymail/40d588fdab0cc077b80d950b300bf66ad3c75b92/tokenizer_config.json "HTTP/1.1 200 OK":]
[2026-06-28 13:21:58,071: INFO: _client: HTTP Request: GET https://huggingface.co/api/models/google/pegasus-cnn_dailymail/tree/main/additional_chat_templates?recursive=false&expand=false "HTTP/1.1 404 Not Found":]
[2026-06-28 13:21:58,159: INFO: _client: HTTP Request: GET https://huggingface.co/api/models/google/pegasus-cnn_dailymail/tree/main?recursive=true&expand=false "HTTP/1.1 200 OK":]
[2026-06-28 13:21:58,406: INFO: _client: HTTP Request: HEAD https://huggingface.co/google/pegasus-cnn_dailymail/resolve/main/config.json "HTTP/1.1 307 Temporary Redirect":]
[2026-06-28 13:21:58,416: INFO: _client: HTTP Request: HEAD https://huggingface.co/api/resolve-cache/models/google/pegasus-cnn_dailymail/40d588fdab0cc077b80d950b300bf66ad3c75b92/config.json "HTTP/1.1 200 OK":]
[2026-06-28 13:21:58,506: INFO: _client: HTTP Request: HEAD https://huggingface.co/google/pegasus-cnn_dailymail/resolve/main/model.safetensors "HTTP/1.1 404 Not Found":]
[2026-06-28 13:21:58,906: INFO: _client: HTTP Request: GET https://huggingface.co/api/models/google/pegasus-cnn_dailymail "HTTP/1.1 200 OK":]
[2026-06-28 13:21:59,138: INFO: _client: HTTP Request: GET https://huggingface.co/api/models/google/pegasus-cnn_dailymail/commits/main "HTTP/1.1 200 OK":]
[2026-06-28 13:21:59,459: INFO: _client: HTTP Request: GET https://huggingface.co/api/models/google/pegasus-cnn_dailymail/discussions?p=0 "HTTP/1.1 200 OK":]
[2026-06-28 13:21:59,882: INFO: _client: HTTP Request: GET https://huggingface.co/api/models/google/pegasus-cnn_dailymail/commits/refs%2Fpr%2F12 "HTTP/1.1 200 OK":]
[2026-06-28 13:22:00,470: INFO: _client: HTTP Request: HEAD https://huggingface.co/google/pegasus-cnn_dailymail/resolve/refs%2Fpr%2F12/model.safetensors.index.json "HTTP/1.1 404 Not Found":]
[2026-06-28 13:22:00,633: INFO: _client: HTTP Request: HEAD https://huggingface.co/google/pegasus-cnn_dailymail/resolve/refs%2Fpr%2F12/model.safetensors "HTTP/1.1 302 Found":]
[2026-06-28 13:22:02,999: INFO: _client: HTTP Request: HEAD https://huggingface.co/google/pegasus-cnn_dailymail/resolve/main/generation_config.json "HTTP/1.1 307 Temporary Redirect":]
[2026-06-28 13:22:03,015: INFO: _client: HTTP Request: HEAD https://huggingface.co/api/resolve-cache/models/google/pegasus-cnn_dailymail/40d588fdab0cc077b80d950b300bf66ad3c75b92/generation_config.json "HTTP/1.1 200 OK":]
[2026-06-28 13:22:50,063: INFO: common: yaml file: config/config.yaml loaded successfully:]
[2026-06-28 13:22:50,065: INFO: common: yaml file: params.yaml loaded successfully:]
[2026-06-28 13:22:50,066: INFO: common: created directory at: artifacts:]
[2026-06-28 13:22:50,066: INFO: common: created directory at: artifacts/model_trainer:]
[2026-06-28 13:22:50,189: INFO: _client: HTTP Request: HEAD https://huggingface.co/google/pegasus-cnn_dailymail/resolve/main/config.json "HTTP/1.1 307 Temporary Redirect":]
[2026-06-28 13:22:50,202: INFO: _client: HTTP Request: HEAD https://huggingface.co/api/resolve-cache/models/google/pegasus-cnn_dailymail/40d588fdab0cc077b80d950b300bf66ad3c75b92/config.json "HTTP/1.1 200 OK":]
[2026-06-28 13:22:50,290: INFO: _client: HTTP Request: HEAD https://huggingface.co/google/pegasus-cnn_dailymail/resolve/main/tokenizer_config.json "HTTP/1.1 307 Temporary Redirect":]
[2026-06-28 13:22:50,301: INFO: _client: HTTP Request: HEAD https://huggingface.co/api/resolve-cache/models/google/pegasus-cnn_dailymail/40d588fdab0cc077b80d950b300bf66ad3c75b92/tokenizer_config.json "HTTP/1.1 200 OK":]
[2026-06-28 13:22:50,397: INFO: _client: HTTP Request: GET https://huggingface.co/api/models/google/pegasus-cnn_dailymail/tree/main/additional_chat_templates?recursive=false&expand=false "HTTP/1.1 404 Not Found":]
[2026-06-28 13:22:50,483: INFO: _client: HTTP Request: GET https://huggingface.co/api/models/google/pegasus-cnn_dailymail/tree/main?recursive=true&expand=false "HTTP/1.1 200 OK":]
[2026-06-28 13:22:50,792: INFO: _client: HTTP Request: HEAD https://huggingface.co/google/pegasus-cnn_dailymail/resolve/main/config.json "HTTP/1.1 307 Temporary Redirect":]
[2026-06-28 13:22:50,802: INFO: _client: HTTP Request: HEAD https://huggingface.co/api/resolve-cache/models/google/pegasus-cnn_dailymail/40d588fdab0cc077b80d950b300bf66ad3c75b92/config.json "HTTP/1.1 200 OK":]
[2026-06-28 13:22:50,892: INFO: _client: HTTP Request: HEAD https://huggingface.co/google/pegasus-cnn_dailymail/resolve/main/model.safetensors "HTTP/1.1 404 Not Found":]
[2026-06-28 13:22:51,556: INFO: _client: HTTP Request: GET https://huggingface.co/api/models/google/pegasus-cnn_dailymail "HTTP/1.1 200 OK":]
[2026-06-28 13:22:51,864: INFO: _client: HTTP Request: GET https://huggingface.co/api/models/google/pegasus-cnn_dailymail/commits/main "HTTP/1.1 200 OK":]
[2026-06-28 13:22:52,131: INFO: _client: HTTP Request: GET https://huggingface.co/api/models/google/pegasus-cnn_dailymail/discussions?p=0 "HTTP/1.1 200 OK":]
[2026-06-28 13:22:52,396: INFO: _client: HTTP Request: GET https://huggingface.co/api/models/google/pegasus-cnn_dailymail/commits/refs%2Fpr%2F12 "HTTP/1.1 200 OK":]
[2026-06-28 13:22:52,631: INFO: _client: HTTP Request: HEAD https://huggingface.co/google/pegasus-cnn_dailymail/resolve/refs%2Fpr%2F12/model.safetensors.index.json "HTTP/1.1 404 Not Found":]
[2026-06-28 13:22:52,924: INFO: _client: HTTP Request: HEAD https://huggingface.co/google/pegasus-cnn_dailymail/resolve/refs%2Fpr%2F12/model.safetensors "HTTP/1.1 302 Found":]
[2026-06-28 13:22:56,073: INFO: _client: HTTP Request: HEAD https://huggingface.co/google/pegasus-cnn_dailymail/resolve/main/generation_config.json "HTTP/1.1 307 Temporary Redirect":]
[2026-06-28 13:22:56,082: INFO: _client: HTTP Request: HEAD https://huggingface.co/api/resolve-cache/models/google/pegasus-cnn_dailymail/40d588fdab0cc077b80d950b300bf66ad3c75b92/generation_config.json "HTTP/1.1 200 OK":]
[2026-06-28 13:24:10,151: INFO: common: yaml file: config/config.yaml loaded successfully:]
[2026-06-28 13:24:10,152: INFO: common: yaml file: params.yaml loaded successfully:]
[2026-06-28 13:24:10,153: INFO: common: created directory at: artifacts:]
[2026-06-28 13:24:10,153: INFO: common: created directory at: artifacts/model_trainer:]
[2026-06-28 13:24:10,276: INFO: _client: HTTP Request: HEAD https://huggingface.co/google/pegasus-cnn_dailymail/resolve/main/config.json "HTTP/1.1 307 Temporary Redirect":]
[2026-06-28 13:24:10,277: WARNING: _http: Warning: You are sending unauthenticated requests to the HF Hub. Please set a HF_TOKEN to enable higher rate limits and faster downloads.:]
[2026-06-28 13:24:10,287: INFO: _client: HTTP Request: HEAD https://huggingface.co/api/resolve-cache/models/google/pegasus-cnn_dailymail/40d588fdab0cc077b80d950b300bf66ad3c75b92/config.json "HTTP/1.1 200 OK":]
[2026-06-28 13:24:10,402: INFO: _client: HTTP Request: HEAD https://huggingface.co/google/pegasus-cnn_dailymail/resolve/main/tokenizer_config.json "HTTP/1.1 307 Temporary Redirect":]
[2026-06-28 13:24:10,412: INFO: _client: HTTP Request: HEAD https://huggingface.co/api/resolve-cache/models/google/pegasus-cnn_dailymail/40d588fdab0cc077b80d950b300bf66ad3c75b92/tokenizer_config.json "HTTP/1.1 200 OK":]
[2026-06-28 13:24:10,496: INFO: _client: HTTP Request: GET https://huggingface.co/api/models/google/pegasus-cnn_dailymail/tree/main/additional_chat_templates?recursive=false&expand=false "HTTP/1.1 404 Not Found":]
[2026-06-28 13:24:10,595: INFO: _client: HTTP Request: GET https://huggingface.co/api/models/google/pegasus-cnn_dailymail/tree/main?recursive=true&expand=false "HTTP/1.1 200 OK":]
[2026-06-28 13:24:10,816: INFO: _client: HTTP Request: HEAD https://huggingface.co/google/pegasus-cnn_dailymail/resolve/main/config.json "HTTP/1.1 307 Temporary Redirect":]
[2026-06-28 13:24:10,826: INFO: _client: HTTP Request: HEAD https://huggingface.co/api/resolve-cache/models/google/pegasus-cnn_dailymail/40d588fdab0cc077b80d950b300bf66ad3c75b92/config.json "HTTP/1.1 200 OK":]
[2026-06-28 13:24:11,016: INFO: _client: HTTP Request: HEAD https://huggingface.co/google/pegasus-cnn_dailymail/resolve/main/model.safetensors "HTTP/1.1 404 Not Found":]
[2026-06-28 13:24:11,382: INFO: _client: HTTP Request: GET https://huggingface.co/api/models/google/pegasus-cnn_dailymail "HTTP/1.1 200 OK":]
[2026-06-28 13:24:11,662: INFO: _client: HTTP Request: GET https://huggingface.co/api/models/google/pegasus-cnn_dailymail/commits/main "HTTP/1.1 200 OK":]
[2026-06-28 13:24:11,977: INFO: _client: HTTP Request: GET https://huggingface.co/api/models/google/pegasus-cnn_dailymail/discussions?p=0 "HTTP/1.1 200 OK":]
[2026-06-28 13:24:12,345: INFO: _client: HTTP Request: GET https://huggingface.co/api/models/google/pegasus-cnn_dailymail/commits/refs%2Fpr%2F12 "HTTP/1.1 200 OK":]
[2026-06-28 13:24:12,628: INFO: _client: HTTP Request: HEAD https://huggingface.co/google/pegasus-cnn_dailymail/resolve/refs%2Fpr%2F12/model.safetensors.index.json "HTTP/1.1 404 Not Found":]
[2026-06-28 13:24:12,853: INFO: _client: HTTP Request: HEAD https://huggingface.co/google/pegasus-cnn_dailymail/resolve/refs%2Fpr%2F12/model.safetensors "HTTP/1.1 302 Found":]
[2026-06-28 13:24:15,202: INFO: _client: HTTP Request: HEAD https://huggingface.co/google/pegasus-cnn_dailymail/resolve/main/generation_config.json "HTTP/1.1 307 Temporary Redirect":]
[2026-06-28 13:24:15,211: INFO: _client: HTTP Request: HEAD https://huggingface.co/api/resolve-cache/models/google/pegasus-cnn_dailymail/40d588fdab0cc077b80d950b300bf66ad3c75b92/generation_config.json "HTTP/1.1 200 OK":]
[2026-06-28 13:25:21,089: INFO: common: yaml file: config/config.yaml loaded successfully:]
[2026-06-28 13:25:21,091: INFO: common: yaml file: params.yaml loaded successfully:]
[2026-06-28 13:25:21,092: INFO: common: created directory at: artifacts:]
[2026-06-28 13:25:21,093: INFO: common: created directory at: artifacts/model_trainer:]
[2026-06-28 13:25:21,325: INFO: _client: HTTP Request: HEAD https://huggingface.co/google/pegasus-cnn_dailymail/resolve/main/config.json "HTTP/1.1 307 Temporary Redirect":]
[2026-06-28 13:25:21,335: INFO: _client: HTTP Request: HEAD https://huggingface.co/api/resolve-cache/models/google/pegasus-cnn_dailymail/40d588fdab0cc077b80d950b300bf66ad3c75b92/config.json "HTTP/1.1 200 OK":]
[2026-06-28 13:25:21,435: INFO: _client: HTTP Request: HEAD https://huggingface.co/google/pegasus-cnn_dailymail/resolve/main/tokenizer_config.json "HTTP/1.1 307 Temporary Redirect":]
[2026-06-28 13:25:21,446: INFO: _client: HTTP Request: HEAD https://huggingface.co/api/resolve-cache/models/google/pegasus-cnn_dailymail/40d588fdab0cc077b80d950b300bf66ad3c75b92/tokenizer_config.json "HTTP/1.1 200 OK":]
[2026-06-28 13:25:21,563: INFO: _client: HTTP Request: GET https://huggingface.co/api/models/google/pegasus-cnn_dailymail/tree/main/additional_chat_templates?recursive=false&expand=false "HTTP/1.1 404 Not Found":]
[2026-06-28 13:25:21,707: INFO: _client: HTTP Request: GET https://huggingface.co/api/models/google/pegasus-cnn_dailymail/tree/main?recursive=true&expand=false "HTTP/1.1 200 OK":]
[2026-06-28 13:25:21,955: INFO: _client: HTTP Request: HEAD https://huggingface.co/google/pegasus-cnn_dailymail/resolve/main/config.json "HTTP/1.1 307 Temporary Redirect":]
[2026-06-28 13:25:21,968: INFO: _client: HTTP Request: HEAD https://huggingface.co/api/resolve-cache/models/google/pegasus-cnn_dailymail/40d588fdab0cc077b80d950b300bf66ad3c75b92/config.json "HTTP/1.1 200 OK":]
[2026-06-28 13:25:22,056: INFO: _client: HTTP Request: HEAD https://huggingface.co/google/pegasus-cnn_dailymail/resolve/main/model.safetensors "HTTP/1.1 404 Not Found":]
[2026-06-28 13:25:22,561: INFO: _client: HTTP Request: GET https://huggingface.co/api/models/google/pegasus-cnn_dailymail "HTTP/1.1 200 OK":]
[2026-06-28 13:25:22,909: INFO: _client: HTTP Request: GET https://huggingface.co/api/models/google/pegasus-cnn_dailymail/commits/main "HTTP/1.1 200 OK":]
[2026-06-28 13:25:23,406: INFO: _client: HTTP Request: GET https://huggingface.co/api/models/google/pegasus-cnn_dailymail/discussions?p=0 "HTTP/1.1 200 OK":]
[2026-06-28 13:25:23,706: INFO: _client: HTTP Request: GET https://huggingface.co/api/models/google/pegasus-cnn_dailymail/commits/refs%2Fpr%2F12 "HTTP/1.1 200 OK":]
[2026-06-28 13:25:23,927: INFO: _client: HTTP Request: HEAD https://huggingface.co/google/pegasus-cnn_dailymail/resolve/refs%2Fpr%2F12/model.safetensors.index.json "HTTP/1.1 404 Not Found":]
[2026-06-28 13:25:24,237: INFO: _client: HTTP Request: HEAD https://huggingface.co/google/pegasus-cnn_dailymail/resolve/refs%2Fpr%2F12/model.safetensors "HTTP/1.1 302 Found":]
[2026-06-28 13:25:26,880: INFO: _client: HTTP Request: HEAD https://huggingface.co/google/pegasus-cnn_dailymail/resolve/main/generation_config.json "HTTP/1.1 307 Temporary Redirect":]
[2026-06-28 13:25:26,895: INFO: _client: HTTP Request: HEAD https://huggingface.co/api/resolve-cache/models/google/pegasus-cnn_dailymail/40d588fdab0cc077b80d950b300bf66ad3c75b92/generation_config.json "HTTP/1.1 200 OK":]
